{"/Users/nasangchul/Desktop/wooritech/wooricamp-inu/problems/10951/add.js": {"path":"/Users/nasangchul/Desktop/wooritech/wooricamp-inu/problems/10951/add.js","statementMap":{"0":{"start":{"line":21,"column":14},"end":{"line":25,"column":4}},"1":{"start":{"line":28,"column":21},"end":{"line":28,"column":49}},"2":{"start":{"line":29,"column":19},"end":{"line":29,"column":27}},"3":{"start":{"line":30,"column":16},"end":{"line":30,"column":18}},"4":{"start":{"line":31,"column":4},"end":{"line":35,"column":7}},"5":{"start":{"line":33,"column":20},"end":{"line":33,"column":35}},"6":{"start":{"line":34,"column":4},"end":{"line":34,"column":54}},"7":{"start":{"line":36,"column":20},"end":{"line":36,"column":34}},"8":{"start":{"line":37,"column":4},"end":{"line":37,"column":18}},"9":{"start":{"line":39,"column":0},"end":{"line":39,"column":24}}},"fnMap":{"0":{"name":"add","decl":{"start":{"line":27,"column":16},"end":{"line":27,"column":19}},"loc":{"start":{"line":27,"column":28},"end":{"line":38,"column":1}},"line":27},"1":{"name":"(anonymous_1)","decl":{"start":{"line":31,"column":19},"end":{"line":31,"column":20}},"loc":{"start":{"line":31,"column":29},"end":{"line":35,"column":5}},"line":31}},"branchMap":{},"s":{"0":1,"1":5,"2":5,"3":5,"4":5,"5":33,"6":33,"7":5,"8":5,"9":1},"f":{"0":5,"1":33},"b":{},"_coverageSchema":"1a1c01bbd47fc00a2c39e90264f33305004495a9","hash":"60acefd3ce84b102e4d4d8ac844cd08a0f2f74bb"}
,"/Users/nasangchul/Desktop/wooritech/wooricamp-inu/problems/9093/reverse2.js": {"path":"/Users/nasangchul/Desktop/wooritech/wooricamp-inu/problems/9093/reverse2.js","statementMap":{"0":{"start":{"line":3,"column":14},"end":{"line":5,"column":31}},"1":{"start":{"line":8,"column":18},"end":{"line":8,"column":35}},"2":{"start":{"line":9,"column":22},"end":{"line":9,"column":30}},"3":{"start":{"line":10,"column":30},"end":{"line":10,"column":32}},"4":{"start":{"line":16,"column":4},"end":{"line":19,"column":5}},"5":{"start":{"line":16,"column":17},"end":{"line":16,"column":18}},"6":{"start":{"line":17,"column":22},"end":{"line":17,"column":85}},"7":{"start":{"line":17,"column":56},"end":{"line":17,"column":84}},"8":{"start":{"line":18,"column":8},"end":{"line":18,"column":48}},"9":{"start":{"line":24,"column":27},"end":{"line":24,"column":55}},"10":{"start":{"line":26,"column":4},"end":{"line":26,"column":26}},"11":{"start":{"line":28,"column":0},"end":{"line":28,"column":15}}},"fnMap":{"0":{"name":"reverse","decl":{"start":{"line":7,"column":16},"end":{"line":7,"column":23}},"loc":{"start":{"line":7,"column":31},"end":{"line":27,"column":1}},"line":7},"1":{"name":"(anonymous_1)","decl":{"start":{"line":17,"column":46},"end":{"line":17,"column":47}},"loc":{"start":{"line":17,"column":56},"end":{"line":17,"column":84}},"line":17}},"branchMap":{},"s":{"0":1,"1":5,"2":5,"3":5,"4":5,"5":5,"6":19,"7":125,"8":19,"9":5,"10":5,"11":1},"f":{"0":5,"1":125},"b":{},"_coverageSchema":"1a1c01bbd47fc00a2c39e90264f33305004495a9","hash":"556914aeceafab7425fed4559da4dbfb2bb5ed4a"}
,"/Users/nasangchul/Desktop/wooritech/wooricamp-inu/test/JestTest.js": {"path":"/Users/nasangchul/Desktop/wooritech/wooricamp-inu/test/JestTest.js","statementMap":{"0":{"start":{"line":3,"column":4},"end":{"line":3,"column":19}}},"fnMap":{"0":{"name":"sum","decl":{"start":{"line":2,"column":16},"end":{"line":2,"column":19}},"loc":{"start":{"line":2,"column":26},"end":{"line":4,"column":1}},"line":2}},"branchMap":{},"s":{"0":1},"f":{"0":1},"b":{},"_coverageSchema":"1a1c01bbd47fc00a2c39e90264f33305004495a9","hash":"bb1eb538f88f9c99ac7569f4f19fa2166ddc7945"}
,"/Users/nasangchul/Desktop/wooritech/wooricamp-inu/test/test.js": {"path":"/Users/nasangchul/Desktop/wooritech/wooricamp-inu/test/test.js","statementMap":{"0":{"start":{"line":3,"column":4},"end":{"line":3,"column":19}}},"fnMap":{"0":{"name":"sum","decl":{"start":{"line":2,"column":16},"end":{"line":2,"column":19}},"loc":{"start":{"line":2,"column":26},"end":{"line":4,"column":1}},"line":2}},"branchMap":{},"s":{"0":1},"f":{"0":1},"b":{},"_coverageSchema":"1a1c01bbd47fc00a2c39e90264f33305004495a9","hash":"1719a11ee44882b883dbb85ce972b4fe27ef6a3a"}
}
