TN:
SF:problems/10951/add.js
FN:27,add
FN:31,(anonymous_1)
FNF:2
FNH:2
FNDA:5,add
FNDA:33,(anonymous_1)
DA:21,1
DA:28,5
DA:29,5
DA:30,5
DA:31,5
DA:33,33
DA:34,33
DA:36,5
DA:37,5
DA:39,1
LF:10
LH:10
BRF:0
BRH:0
end_of_record
TN:
SF:problems/9093/reverse2.js
FN:7,reverse
FN:17,(anonymous_1)
FNF:2
FNH:2
FNDA:5,reverse
FNDA:125,(anonymous_1)
DA:3,1
DA:8,5
DA:9,5
DA:10,5
DA:16,5
DA:17,125
DA:18,19
DA:24,5
DA:26,5
DA:28,1
LF:10
LH:10
BRF:0
BRH:0
end_of_record
TN:
SF:test/JestTest.js
FN:2,sum
FNF:1
FNH:1
FNDA:1,sum
DA:3,1
LF:1
LH:1
BRF:0
BRH:0
end_of_record
TN:
SF:test/test.js
FN:2,sum
FNF:1
FNH:1
FNDA:1,sum
DA:3,1
LF:1
LH:1
BRF:0
BRH:0
end_of_record
